0 info it worked if it ends with ok
1 verbose cli [ 'C:\\Program Files\\nodejs\\node.exe',
1 verbose cli   'C:\\Users\\wuhongyu\\AppData\\Roaming\\npm\\node_modules\\npm\\bin\\npm-cli.js',
1 verbose cli   'run',
1 verbose cli   'start' ]
2 info using npm@3.9.3
3 info using node@v4.4.5
4 verbose run-script [ 'prestart', 'start', 'poststart' ]
5 info lifecycle mll-front-pro@0.0.0~prestart: mll-front-pro@0.0.0
6 silly lifecycle mll-front-pro@0.0.0~prestart: no script for prestart, continuing
7 info lifecycle mll-front-pro@0.0.0~start: mll-front-pro@0.0.0
8 verbose lifecycle mll-front-pro@0.0.0~start: unsafe-perm in lifecycle true
9 verbose lifecycle mll-front-pro@0.0.0~start: PATH: C:\Users\wuhongyu\AppData\Roaming\npm\node_modules\npm\bin\node-gyp-bin;E:\szmll\vue-webpack-front\mll-front-pro\node_modules\.bin;C:\Program Files\nodejs;C:\Users\wuhongyu\bin;D:\Program Files\Git\mingw64\bin;D:\Program Files\Git\usr\local\bin;D:\Program Files\Git\usr\bin;D:\Program Files\Git\usr\bin;D:\Program Files\Git\mingw64\bin;D:\Program Files\Git\usr\bin;C:\WINDOWS\system32;C:\WINDOWS;C:\WINDOWS\System32\Wbem;C:\WINDOWS\System32\WindowsPowerShell\v1.0;D:\Program Files\svn\bin;D:\Program Files\VisualSVN Server\bin;D:\Program Files\apache-maven-3.1.0\bin;C:\Program Files\Java\jdk1.7.0_79\bin;C:\Program Files\nodejs;C:\Users\wuhongyu\AppData\Roaming\npm;D:\Program Files\Git\usr\bin\vendor_perl;D:\Program Files\Git\usr\bin\core_perl
10 verbose lifecycle mll-front-pro@0.0.0~start: CWD: E:\szmll\vue-webpack-front\mll-front-pro
11 silly lifecycle mll-front-pro@0.0.0~start: Args: [ '/d /s /c', 'node ./bin/www' ]
12 silly lifecycle mll-front-pro@0.0.0~start: Returned: code: 1  signal: null
13 info lifecycle mll-front-pro@0.0.0~start: Failed to exec start script
14 verbose stack Error: mll-front-pro@0.0.0 start: `node ./bin/www`
14 verbose stack Exit status 1
14 verbose stack     at EventEmitter.<anonymous> (C:\Users\wuhongyu\AppData\Roaming\npm\node_modules\npm\lib\utils\lifecycle.js:245:16)
14 verbose stack     at emitTwo (events.js:87:13)
14 verbose stack     at EventEmitter.emit (events.js:172:7)
14 verbose stack     at ChildProcess.<anonymous> (C:\Users\wuhongyu\AppData\Roaming\npm\node_modules\npm\lib\utils\spawn.js:24:14)
14 verbose stack     at emitTwo (events.js:87:13)
14 verbose stack     at ChildProcess.emit (events.js:172:7)
14 verbose stack     at maybeClose (internal/child_process.js:827:16)
14 verbose stack     at Process.ChildProcess._handle.onexit (internal/child_process.js:211:5)
15 verbose pkgid mll-front-pro@0.0.0
16 verbose cwd E:\szmll\vue-webpack-front\mll-front-pro
17 error Windows_NT 10.0.10586
18 error argv "C:\\Program Files\\nodejs\\node.exe" "C:\\Users\\wuhongyu\\AppData\\Roaming\\npm\\node_modules\\npm\\bin\\npm-cli.js" "run" "start"
19 error node v4.4.5
20 error npm  v3.9.3
21 error code ELIFECYCLE
22 error mll-front-pro@0.0.0 start: `node ./bin/www`
22 error Exit status 1
23 error Failed at the mll-front-pro@0.0.0 start script 'node ./bin/www'.
23 error Make sure you have the latest version of node.js and npm installed.
23 error If you do, this is most likely a problem with the mll-front-pro package,
23 error not with npm itself.
23 error Tell the author that this fails on your system:
23 error     node ./bin/www
23 error You can get information on how to open an issue for this project with:
23 error     npm bugs mll-front-pro
23 error Or if that isn't available, you can get their info via:
23 error     npm owner ls mll-front-pro
23 error There is likely additional logging output above.
24 verbose exit [ 1, true ]
